Looking for git in: git
Using git 2.25.1 from git
> git rev-parse --show-toplevel
> git rev-parse --git-dir
Open repository: /home/katie/.config/i3
> git status -z -u
> git symbolic-ref --short HEAD
> git rev-parse master
> git rev-parse --symbolic-full-name master@{u}
fatal: no upstream configured for branch 'master'
> git for-each-ref --sort -committerdate --format %(refname) %(objectname)
> git remote --verbose
> git config --get commit.template
> git show --textconv HEAD:config
> git ls-tree -l HEAD -- /home/katie/.config/i3/config
> git log --format=%H%n%aN%n%aE%n%at%n%ct%n%P%n%B -z -n21 -- /home/katie/.config/i3/config
> git check-ignore -v -z --stdin
> git rev-list --count c1169539f6404084e3f1ea65c203000c00693029.. -- /home/katie/.config/i3/config
> git log --format=%H%n%aN%n%aE%n%at%n%ct%n%P%n%B -z -n2 -- /home/katie/.config/i3/config
> git show --textconv :config
> git ls-files --stage -- /home/katie/.config/i3/config
> git cat-file -s bd09f47ca49861951a4a9619b3e1db6d0800b0a4
> git ls-tree -l HEAD -- /home/katie/.config/i3/config
> git ls-tree -l HEAD -- /home/katie/.config/i3/config
> git ls-tree -l HEAD -- /home/katie/.config/i3/config
> git ls-tree -l HEAD -- /home/katie/.config/i3/config
> git ls-tree -l HEAD -- /home/katie/.config/i3/config
> git ls-tree -l HEAD -- /home/katie/.config/i3/config
> git ls-tree -l HEAD -- /home/katie/.config/i3/config
git.stage 1
git.stage.scmResources 1
> git add -A -- /home/katie/.config/i3/config
> git status -z -u
> git symbolic-ref --short HEAD
> git rev-parse master
> git rev-parse --symbolic-full-name master@{u}
fatal: no upstream configured for branch 'master'
> git for-each-ref --sort -committerdate --format %(refname) %(objectname)
> git remote --verbose
> git config --get commit.template
> git ls-files --stage -- /home/katie/.config/i3/config
> git cat-file -s e79f5acab1b4575eeb3a282f3d62732f8d6c5b3c
> git show --textconv :config
> git commit --quiet --allow-empty-message --file -
> git status -z -u
> git symbolic-ref --short HEAD
> git rev-parse master
> git rev-parse --symbolic-full-name master@{u}
fatal: no upstream configured for branch 'master'
> git for-each-ref --sort -committerdate --format %(refname) %(objectname)
> git remote --verbose
> git config --get commit.template
> git config --get commit.template
> git status -z -u
> git symbolic-ref --short HEAD
> git rev-parse master
> git rev-parse --symbolic-full-name master@{u}
fatal: no upstream configured for branch 'master'
> git for-each-ref --sort -committerdate --format %(refname) %(objectname)
> git remote --verbose
> git config --get commit.template
> git ls-tree -l HEAD -- /home/katie/.config/i3/config
> git show --textconv HEAD:config
> git status -z -u
> git symbolic-ref --short HEAD
> git rev-parse master
> git rev-parse --symbolic-full-name master@{u}
fatal: no upstream configured for branch 'master'
> git for-each-ref --sort -committerdate --format %(refname) %(objectname)
> git remote --verbose
> git config --get commit.template
> git show --textconv :config
> git ls-files --stage -- /home/katie/.config/i3/config
> git cat-file -s e79f5acab1b4575eeb3a282f3d62732f8d6c5b3c
> git status -z -u
> git symbolic-ref --short HEAD
> git rev-parse master
> git rev-parse --symbolic-full-name master@{u}
fatal: no upstream configured for branch 'master'
> git for-each-ref --sort -committerdate --format %(refname) %(objectname)
> git remote --verbose
> git config --get commit.template
> git status -z -u
> git symbolic-ref --short HEAD
> git rev-parse master
> git rev-parse --symbolic-full-name master@{u}
fatal: no upstream configured for branch 'master'
> git for-each-ref --sort -committerdate --format %(refname) %(objectname)
> git remote --verbose
> git config --get commit.template
> git show --textconv HEAD:config
> git ls-tree -l HEAD -- /home/katie/.config/i3/config
> git ls-tree -l HEAD -- /home/katie/.config/i3/config
> git ls-tree -l HEAD -- /home/katie/.config/i3/config
> git add -A -- .
> git commit --quiet --allow-empty-message --file -
> git status -z -u
> git symbolic-ref --short HEAD
> git rev-parse master
> git rev-parse --symbolic-full-name master@{u}
fatal: no upstream configured for branch 'master'
> git for-each-ref --sort -committerdate --format %(refname) %(objectname)
> git remote --verbose
> git config --get commit.template
> git config --get commit.template
> git ls-tree -l HEAD -- /home/katie/.config/i3/config
> git show --textconv HEAD:config
> git status -z -u
> git symbolic-ref --short HEAD
> git rev-parse master
> git rev-parse --symbolic-full-name master@{u}
fatal: no upstream configured for branch 'master'
> git for-each-ref --sort -committerdate --format %(refname) %(objectname)
> git remote --verbose
> git config --get commit.template
> git ls-tree -l HEAD -- /home/katie/.config/i3/config
> git ls-tree -l HEAD -- /home/katie/.config/i3/config
> git status -z -u
> git symbolic-ref --short HEAD
> git rev-parse master
> git rev-parse --symbolic-full-name master@{u}
fatal: no upstream configured for branch 'master'
> git for-each-ref --sort -committerdate --format %(refname) %(objectname)
> git remote --verbose
> git config --get commit.template
> git ls-tree -l HEAD -- /home/katie/.config/i3/config
> git ls-tree -l HEAD -- /home/katie/.config/i3/config
> git ls-tree -l HEAD -- /home/katie/.config/i3/config
> git ls-tree -l HEAD -- /home/katie/.config/i3/config
> git ls-tree -l HEAD -- /home/katie/.config/i3/config
> git ls-tree -l HEAD -- /home/katie/.config/i3/config
> git ls-tree -l HEAD -- /home/katie/.config/i3/config
> git ls-tree -l HEAD -- /home/katie/.config/i3/config
> git ls-tree -l HEAD -- /home/katie/.config/i3/config
> git ls-tree -l HEAD -- /home/katie/.config/i3/config
> git ls-tree -l HEAD -- /home/katie/.config/i3/config
> git ls-tree -l HEAD -- /home/katie/.config/i3/config
> git ls-tree -l HEAD -- /home/katie/.config/i3/config
> git status -z -u
> git symbolic-ref --short HEAD
> git rev-parse master
> git rev-parse --symbolic-full-name master@{u}
fatal: no upstream configured for branch 'master'
> git for-each-ref --sort -committerdate --format %(refname) %(objectname)
> git remote --verbose
> git config --get commit.template
> git ls-tree -l HEAD -- /home/katie/.config/i3/config
> git ls-tree -l HEAD -- /home/katie/.config/i3/config
> git ls-tree -l HEAD -- /home/katie/.config/i3/config
> git ls-tree -l HEAD -- /home/katie/.config/i3/config
> git ls-tree -l HEAD -- /home/katie/.config/i3/config
> git ls-tree -l HEAD -- /home/katie/.config/i3/config
> git ls-tree -l HEAD -- /home/katie/.config/i3/config
> git ls-tree -l HEAD -- /home/katie/.config/i3/config
> git ls-tree -l HEAD -- /home/katie/.config/i3/config
> git ls-tree -l HEAD -- /home/katie/.config/i3/config
> git ls-tree -l HEAD -- /home/katie/.config/i3/config
> git ls-tree -l HEAD -- /home/katie/.config/i3/config
> git ls-tree -l HEAD -- /home/katie/.config/i3/config
> git ls-tree -l HEAD -- /home/katie/.config/i3/config
> git ls-tree -l HEAD -- /home/katie/.config/i3/config
> git ls-tree -l HEAD -- /home/katie/.config/i3/config
> git ls-tree -l HEAD -- /home/katie/.config/i3/config
> git ls-tree -l HEAD -- /home/katie/.config/i3/config
> git status -z -u
> git symbolic-ref --short HEAD
> git rev-parse master
> git rev-parse --symbolic-full-name master@{u}
fatal: no upstream configured for branch 'master'
> git for-each-ref --sort -committerdate --format %(refname) %(objectname)
> git remote --verbose
> git config --get commit.template
