Looking for git in: git
Using git 2.25.1 from git
> git rev-parse --show-toplevel
fatal: not a git repository (or any of the parent directories): .git
> git rev-parse --show-toplevel
fatal: not a git repository (or any of the parent directories): .git
> git rev-parse --show-toplevel
> git rev-parse --show-toplevel
> git rev-parse --show-toplevel
fatal: not a git repository (or any of the parent directories): .git
> git rev-parse --show-toplevel
fatal: not a git repository (or any of the parent directories): .git
> git init
> git rev-parse --show-toplevel
> git rev-parse --git-dir
Open repository: /home/katie/.config/i3
> git status -z -u
> git symbolic-ref --short HEAD
> git rev-parse master
fatal: ambiguous argument 'master': unknown revision or path not in the working tree.
Use '--' to separate paths from revisions, like this:
'git <command> [<revision>...] -- [<file>...]'
> git for-each-ref --sort -committerdate --format %(refname) %(objectname)
> git remote --verbose
> git config --get commit.template
> git show --textconv :config
> git ls-files --stage -- /home/katie/.config/i3/config
> git check-ignore -v -z --stdin
> git show --textconv HEAD:config_
> git ls-tree -l HEAD -- /home/katie/.config/i3/config_
fatal: Not a valid object name HEAD
> git show --textconv HEAD:config
> git ls-tree -l HEAD -- /home/katie/.config/i3/config
fatal: Not a valid object name HEAD
> git ls-tree -l HEAD -- /home/katie/.config/i3/config
fatal: Not a valid object name HEAD
> git ls-tree -l HEAD -- /home/katie/.config/i3/config
fatal: Not a valid object name HEAD
> git add -A -- /home/katie/.config/i3/config /home/katie/.config/i3/config_
> git status -z -u
> git symbolic-ref --short HEAD
> git rev-parse master
fatal: ambiguous argument 'master': unknown revision or path not in the working tree.
Use '--' to separate paths from revisions, like this:
'git <command> [<revision>...] -- [<file>...]'
> git for-each-ref --sort -committerdate --format %(refname) %(objectname)
> git remote --verbose
> git config --get commit.template
> git ls-files --stage -- /home/katie/.config/i3/config
> git cat-file -s bd09f47ca49861951a4a9619b3e1db6d0800b0a4
> git show --textconv :config
> git commit --quiet --allow-empty-message --file -

*** Please tell me who you are.

Run

  git config --global user.email "you@example.com"
  git config --global user.name "Your Name"

to set your account's default identity.
Omit --global to set the identity only in this repository.

fatal: unable to auto-detect email address (got 'katie@VB-XUB.(none)')
> git config --get-all user.name
> git ls-files --stage -- /home/katie/.config/i3/config
> git status -z -u
> git cat-file -s bd09f47ca49861951a4a9619b3e1db6d0800b0a4
> git symbolic-ref --short HEAD
> git rev-parse master
fatal: ambiguous argument 'master': unknown revision or path not in the working tree.
Use '--' to separate paths from revisions, like this:
'git <command> [<revision>...] -- [<file>...]'
> git for-each-ref --sort -committerdate --format %(refname) %(objectname)
> git remote --verbose
> git config --get commit.template
> git ls-files --stage -- /home/katie/.config/i3/config
> git ls-files --stage -- /home/katie/.config/i3/config
> git cat-file -s bd09f47ca49861951a4a9619b3e1db6d0800b0a4
> git cat-file -s bd09f47ca49861951a4a9619b3e1db6d0800b0a4
> git show --textconv :config
> git show --textconv :config
> git ls-files --stage -- /home/katie/.config/i3/config
> git cat-file -s bd09f47ca49861951a4a9619b3e1db6d0800b0a4
> git status -z -u
> git symbolic-ref --short HEAD
> git rev-parse master
fatal: ambiguous argument 'master': unknown revision or path not in the working tree.
Use '--' to separate paths from revisions, like this:
'git <command> [<revision>...] -- [<file>...]'
> git for-each-ref --sort -committerdate --format %(refname) %(objectname)
> git remote --verbose
> git config --get commit.template
> git commit --quiet --allow-empty-message --file -

*** Please tell me who you are.

Run

  git config --global user.email "you@example.com"
  git config --global user.name "Your Name"

to set your account's default identity.
Omit --global to set the identity only in this repository.

fatal: unable to auto-detect email address (got 'katie@VB-XUB.(none)')
> git config --get-all user.name
> git ls-files --stage -- /home/katie/.config/i3/config
> git cat-file -s bd09f47ca49861951a4a9619b3e1db6d0800b0a4
> git commit --quiet --allow-empty-message --file -

*** Please tell me who you are.

Run

  git config --global user.email "you@example.com"
  git config --global user.name "Your Name"

to set your account's default identity.
Omit --global to set the identity only in this repository.

fatal: unable to auto-detect email address (got 'katie@VB-XUB.(none)')
> git config --get-all user.name
> git ls-files --stage -- /home/katie/.config/i3/config
> git cat-file -s bd09f47ca49861951a4a9619b3e1db6d0800b0a4
> git ls-files --stage -- /home/katie/.config/i3/config
> git cat-file -s bd09f47ca49861951a4a9619b3e1db6d0800b0a4
> git ls-files --stage -- /home/katie/.config/i3/config
> git cat-file -s bd09f47ca49861951a4a9619b3e1db6d0800b0a4
> git commit --quiet --allow-empty-message --file -
> git status -z -u
> git symbolic-ref --short HEAD
> git rev-parse master
> git rev-parse --symbolic-full-name master@{u}
fatal: no upstream configured for branch 'master'
> git for-each-ref --sort -committerdate --format %(refname) %(objectname)
> git remote --verbose
> git config --get commit.template
> git config --get commit.template
> git ls-tree -l HEAD -- /home/katie/.config/i3/config
> git show --textconv HEAD:config
> git status -z -u
> git symbolic-ref --short HEAD
> git rev-parse master
> git rev-parse --symbolic-full-name master@{u}
fatal: no upstream configured for branch 'master'
> git for-each-ref --sort -committerdate --format %(refname) %(objectname)
> git remote --verbose
> git config --get commit.template
> git log --format=%H%n%aN%n%aE%n%at%n%ct%n%P%n%B -z -n21 -- /home/katie/.config/i3/config
> git show --textconv :config_
> git ls-files --stage -- /home/katie/.config/i3/config_
> git cat-file -s 5961305b23ab324c0e7c41955bcef7fc81695479
> git show --textconv :config
> git ls-files --stage -- /home/katie/.config/i3/config
> git cat-file -s bd09f47ca49861951a4a9619b3e1db6d0800b0a4
> git status -z -u
> git symbolic-ref --short HEAD
> git rev-parse master
> git rev-parse --symbolic-full-name master@{u}
fatal: no upstream configured for branch 'master'
> git for-each-ref --sort -committerdate --format %(refname) %(objectname)
> git remote --verbose
> git config --get commit.template
> git show --textconv HEAD:config
> git ls-tree -l HEAD -- /home/katie/.config/i3/config
> git log --format=%H%n%aN%n%aE%n%at%n%ct%n%P%n%B -z -n21 -- /home/katie/.config/i3/config
> git show --textconv :config
> git ls-files --stage -- /home/katie/.config/i3/config
> git cat-file -s bd09f47ca49861951a4a9619b3e1db6d0800b0a4
> git status -z -u
> git symbolic-ref --short HEAD
> git rev-parse master
> git rev-parse --symbolic-full-name master@{u}
fatal: no upstream configured for branch 'master'
> git for-each-ref --sort -committerdate --format %(refname) %(objectname)
> git remote --verbose
> git config --get commit.template
> git ls-tree -l HEAD -- /home/katie/.config/i3/config
> git show --textconv :config
> git ls-files --stage -- /home/katie/.config/i3/config
> git cat-file -s bd09f47ca49861951a4a9619b3e1db6d0800b0a4
> git show --textconv :config
> git ls-files --stage -- /home/katie/.config/i3/config
> git cat-file -s bd09f47ca49861951a4a9619b3e1db6d0800b0a4
