Looking for git in: git
Using git 2.25.1 from git
> git rev-parse --show-toplevel
> git rev-parse --git-dir
Open repository: /home/katie/.config/i3
> git status -z -u
> git symbolic-ref --short HEAD
> git rev-parse master
> git rev-parse --symbolic-full-name master@{u}
fatal: no upstream configured for branch 'master'
> git for-each-ref --sort -committerdate --format %(refname) %(objectname)
> git remote --verbose
> git config --get commit.template
> git show --textconv :config
> git ls-files --stage -- /home/katie/.config/i3/config
> git cat-file -s bd09f47ca49861951a4a9619b3e1db6d0800b0a4
> git check-ignore -v -z --stdin
> git show --textconv HEAD:config
> git ls-tree -l HEAD -- /home/katie/.config/i3/config
> git status -z -u
> git symbolic-ref --short HEAD
> git rev-parse master
> git rev-parse --symbolic-full-name master@{u}
fatal: no upstream configured for branch 'master'
> git for-each-ref --sort -committerdate --format %(refname) %(objectname)
> git remote --verbose
> git config --get commit.template
> git check-ignore -v -z --stdin
> git ls-tree -l HEAD -- /home/katie/.config/i3/config
> git ls-tree -l HEAD -- /home/katie/.config/i3/config
> git status -z -u
> git symbolic-ref --short HEAD
> git rev-parse master
> git rev-parse --symbolic-full-name master@{u}
fatal: no upstream configured for branch 'master'
> git for-each-ref --sort -committerdate --format %(refname) %(objectname)
> git remote --verbose
> git config --get commit.template
> git ls-tree -l HEAD -- /home/katie/.config/i3/config
> git status -z -u
> git symbolic-ref --short HEAD
> git rev-parse master
> git rev-parse --symbolic-full-name master@{u}
fatal: no upstream configured for branch 'master'
> git for-each-ref --sort -committerdate --format %(refname) %(objectname)
> git remote --verbose
> git config --get commit.template
> git ls-tree -l HEAD -- /home/katie/.config/i3/config
> git ls-tree -l HEAD -- /home/katie/.config/i3/config
> git ls-tree -l HEAD -- /home/katie/.config/i3/config
> git ls-tree -l HEAD -- /home/katie/.config/i3/config
> git ls-tree -l HEAD -- /home/katie/.config/i3/config
> git ls-tree -l HEAD -- /home/katie/.config/i3/config
> git ls-tree -l HEAD -- /home/katie/.config/i3/config
> git ls-tree -l HEAD -- /home/katie/.config/i3/config
> git ls-tree -l HEAD -- /home/katie/.config/i3/config
> git ls-tree -l HEAD -- /home/katie/.config/i3/config
> git ls-tree -l HEAD -- /home/katie/.config/i3/config
> git ls-tree -l HEAD -- /home/katie/.config/i3/config
> git status -z -u
> git symbolic-ref --short HEAD
> git rev-parse master
> git rev-parse --symbolic-full-name master@{u}
fatal: no upstream configured for branch 'master'
> git for-each-ref --sort -committerdate --format %(refname) %(objectname)
> git remote --verbose
> git config --get commit.template
> git ls-tree -l HEAD -- /home/katie/.config/i3/config
> git ls-tree -l HEAD -- /home/katie/.config/i3/config
> git ls-tree -l HEAD -- /home/katie/.config/i3/config
> git ls-tree -l HEAD -- /home/katie/.config/i3/config
> git ls-tree -l HEAD -- /home/katie/.config/i3/config
> git ls-tree -l HEAD -- /home/katie/.config/i3/config
> git ls-tree -l HEAD -- /home/katie/.config/i3/config
> git ls-tree -l HEAD -- /home/katie/.config/i3/config
> git ls-tree -l HEAD -- /home/katie/.config/i3/config
> git ls-tree -l HEAD -- /home/katie/.config/i3/config
> git status -z -u
> git symbolic-ref --short HEAD
> git rev-parse master
> git rev-parse --symbolic-full-name master@{u}
fatal: no upstream configured for branch 'master'
> git for-each-ref --sort -committerdate --format %(refname) %(objectname)
> git remote --verbose
> git config --get commit.template
> git ls-tree -l HEAD -- /home/katie/.config/i3/config
> git ls-tree -l HEAD -- /home/katie/.config/i3/config
> git status -z -u
> git symbolic-ref --short HEAD
> git rev-parse master
> git rev-parse --symbolic-full-name master@{u}
fatal: no upstream configured for branch 'master'
> git for-each-ref --sort -committerdate --format %(refname) %(objectname)
> git remote --verbose
> git config --get commit.template
> git ls-tree -l HEAD -- /home/katie/.config/i3/config
> git ls-tree -l HEAD -- /home/katie/.config/i3/config
> git ls-tree -l HEAD -- /home/katie/.config/i3/config
> git ls-tree -l HEAD -- /home/katie/.config/i3/config
> git ls-tree -l HEAD -- /home/katie/.config/i3/config
> git ls-tree -l HEAD -- /home/katie/.config/i3/config
> git ls-tree -l HEAD -- /home/katie/.config/i3/config
> git ls-tree -l HEAD -- /home/katie/.config/i3/config
> git ls-tree -l HEAD -- /home/katie/.config/i3/config
> git ls-tree -l HEAD -- /home/katie/.config/i3/config
> git ls-tree -l HEAD -- /home/katie/.config/i3/config
> git ls-tree -l HEAD -- /home/katie/.config/i3/config
> git ls-tree -l HEAD -- /home/katie/.config/i3/config
> git ls-tree -l HEAD -- /home/katie/.config/i3/config
> git ls-tree -l HEAD -- /home/katie/.config/i3/config
